        -:    0:Source:dijkstra.c
        -:    0:Graph:dijkstra.gcno
        -:    0:Data:dijkstra.gcda
        -:    0:Runs:6
        -:    1:#include <stdio.h>
        -:    2:#include <stdlib.h>
        -:    3:#include <limits.h>
        -:    4:#include <string.h>
        -:    5:
        -:    6:// Find the vertex with the minimum distance value that is not in the shortest path tree
        2:    7:int minDistance(int dist[], int sptSet[], int n) {
        2:    8:    int min = INT_MAX, min_index = -1;
        8:    9:    for (int v = 0; v < n; v++) {
        6:   10:        if (!sptSet[v] && dist[v] <= min) {
        2:   11:            min = dist[v];
        2:   12:            min_index = v;
        -:   13:        }
        -:   14:    }
        2:   15:    return min_index;
        -:   16:}
        -:   17:
        -:   18:// Print the output
        1:   19:void printSolution(int dist[], int n) {
        1:   20:    printf("Vertex \t Distance from Source\n");
        4:   21:    for (int i = 0; i < n; i++) {
        3:   22:        if (dist[i] == INT_MAX) {
    #####:   23:            printf("%d \t INF\n", i);
        -:   24:        } else {
        3:   25:            printf("%d \t %d\n", i, dist[i]);
        -:   26:        }
        -:   27:    }
        1:   28:}
        -:   29:
        -:   30:// Main algorithm
        1:   31:void dijkstra(int **graph, int n, int src) {
        1:   32:    int *dist = malloc(n * sizeof(int));
        1:   33:    int *sptSet = malloc(n * sizeof(int));
        -:   34:
        4:   35:    for (int i = 0; i < n; i++) {
        3:   36:        dist[i] = INT_MAX;
        3:   37:        sptSet[i] = 0;
        -:   38:    }
        -:   39:
        1:   40:    dist[src] = 0;
        -:   41:
        3:   42:    for (int count = 0; count < n - 1; count++) {
        2:   43:        int u = minDistance(dist, sptSet, n);
        -:   44:
       2*:   45:        if (u == -1) break;
        -:   46:
        2:   47:        sptSet[u] = 1;
        -:   48:
        8:   49:        for (int v = 0; v < n; v++) {
        6:   50:            if (!sptSet[v] && graph[u][v] && dist[u] != INT_MAX
        3:   51:                && dist[u] + graph[u][v] < dist[v]) {
        2:   52:                dist[v] = dist[u] + graph[u][v];
        -:   53:            }
        -:   54:        }
        -:   55:    }
        -:   56:
        1:   57:    printSolution(dist, n);
        -:   58:
        1:   59:    free(dist);
        1:   60:    free(sptSet);
        1:   61:}
        -:   62:
        6:   63:int main() {
        -:   64:    int n;
        -:   65:
        6:   66:    printf("Enter number of vertices:\n");
        -:   67:
        -:   68:    // Check if the user input is a valid integer and only one value is entered
        6:   69:    if (scanf("%d", &n) != 1 || n <= 0) {
        1:   70:        printf("Invalid input: Please enter a single positive integer for the number of vertices.\n");
        1:   71:        return 1;
        -:   72:    }
        -:   73:
        -:   74:    // Check if there are extra values left in the input buffer (e.g., multiple numbers or characters)
        -:   75:    char ch;
        6:   76:    while ((ch = getchar()) != '\n' && ch != EOF) {
        2:   77:        if (ch != ' ' && ch != '\t') { // Anything other than space or tab indicates an error
        1:   78:            printf("Invalid input: Only one integer is allowed for the number of vertices.\n");
        1:   79:            return 1;
        -:   80:        }
        -:   81:    }
        -:   82:
        -:   83:    // Allocate graph
        4:   84:    int **graph = malloc(n * sizeof(int *));
       16:   85:    for (int i = 0; i < n; i++) {
       12:   86:        graph[i] = malloc(n * sizeof(int));
        -:   87:    }
        -:   88:
        4:   89:    printf("Enter adjacency matrix (each row of %d numbers):\n", n);
        -:   90:    char buffer[1024];
       11:   91:    for (int i = 0; i < n; i++) {
       10:   92:        if (fgets(buffer, sizeof(buffer), stdin) == NULL) {
    #####:   93:            printf("Unexpected end of input at row %d.\n", i);
        -:   94:            // Free memory
    #####:   95:            for (int k = 0; k < n; k++) free(graph[k]);
    #####:   96:            free(graph);
    #####:   97:            return 1;
        -:   98:        }
        -:   99:
       10:  100:        int count = 0;
       10:  101:        char *ptr = buffer;
       38:  102:        while (count < n) {
        -:  103:            int num, charsRead;
       30:  104:            if (sscanf(ptr, "%d%n", &num, &charsRead) != 1) {
        1:  105:                break;  // Stop if we can't read another number
        -:  106:            }
       29:  107:            if (num < 0) {
        1:  108:                printf("Invalid input at row %d: negative weight %d.\n", i, num);
        4:  109:                for (int k = 0; k < n; k++) free(graph[k]);
        1:  110:                free(graph);
        1:  111:                return 1;
        -:  112:            }
       28:  113:            graph[i][count] = num;
       28:  114:            count++;
       28:  115:            ptr += charsRead;
        -:  116:        }
        -:  117:
        -:  118:        // Check if there were too few numbers
        9:  119:        if (count < n) {
        1:  120:            printf("Not enough numbers in row %d. Expected %d, got %d.\n", i, n, count);
        4:  121:            for (int k = 0; k < n; k++) free(graph[k]);
        1:  122:            free(graph);
        1:  123:            return 1;
        -:  124:        }
        -:  125:
        -:  126:        // Check if there are extra numbers
       16:  127:        while (*ptr != '\0') {
        9:  128:            if (*ptr != ' ' && *ptr != '\n' && *ptr != '\t') {
        1:  129:                printf("Too many values in row %d. Expected exactly %d numbers.\n", i, n);
        4:  130:                for (int k = 0; k < n; k++) free(graph[k]);
        1:  131:                free(graph);
        1:  132:                return 1;
        -:  133:            }
        8:  134:            ptr++;
        -:  135:        }
        -:  136:    }
        -:  137:
        1:  138:    printf("Running Dijkstra from vertex 0:\n");
        1:  139:    dijkstra(graph, n, 0);
        -:  140:
        -:  141:    // Free the graph
        4:  142:    for (int i = 0; i < n; i++) {
        3:  143:        free(graph[i]);
        -:  144:    }
        1:  145:    free(graph);
        -:  146:
        1:  147:    return 0;
        -:  148:}
